<?xml version="1.0" encoding="utf-8"?><testsuites name="pytest tests"><testsuite name="pytest" errors="0" failures="0" skipped="0" tests="19" time="7.827" timestamp="2026-06-28T04:48:59.662663+00:00" hostname="agent-env-9ec59e9c-4a8d-4925-b688-d1a6c7f1dfc1"><testcase classname="tests.test_iteration3_admin_auth.TestChangePassword" name="test_change_password_success" time="2.101" /><testcase classname="tests.test_iteration3_admin_auth.TestAdminRBAC" name="test_stats_forbidden_for_tenant" time="0.694" /><testcase classname="tests.test_iteration3_admin_auth.TestAdminRBAC" name="test_stats_ok_for_super_admin" time="1.054" /><testcase classname="tests.test_iteration3_admin_auth.TestAdminRBAC" name="test_users_list_excludes_super_admin" time="0.356" /><testcase classname="tests.test_iteration3_admin_auth.TestChangePassword" name="test_change_password_wrong_current" time="0.692" /><testcase classname="tests.test_iteration3_admin_auth.TestAdminRBAC" name="test_users_list_forbidden_for_tenant" time="0.311" /><testcase classname="tests.test_iteration3_admin_auth.TestAdminRBAC" name="test_users_search" time="0.130" /><testcase classname="tests.test_iteration3_admin_auth.TestAdminRBAC" name="test_subscriptions_endpoint" time="0.247" /><testcase classname="tests.test_iteration3_admin_auth.TestChangePassword" name="test_change_password_too_short" time="0.736" /><testcase classname="tests.test_iteration3_admin_auth.TestGoogleExchange" name="test_empty_session_id" time="0.091" /><testcase classname="tests.test_iteration3_admin_auth.TestGoogleExchange" name="test_garbage_session_id" time="0.388" /><testcase classname="tests.test_iteration3_admin_auth.TestRegression" name="test_demo_login_still_works" time="0.505" /><testcase classname="tests.test_iteration3_admin_auth.TestRegression" name="test_dashboard_kpis" time="0.269" /><testcase classname="tests.test_iteration3_admin_auth.TestForceResetPassword" name="test_force_reset_and_relogin" time="2.402" /><testcase classname="tests.test_iteration3_admin_auth.TestSuperAdminLogin" name="test_super_admin_login_returns_flags" time="0.553" /><testcase classname="tests.test_iteration3_admin_auth.TestToggleActive" name="test_deactivate_blocks_login_then_reactivate" time="1.648" /><testcase classname="tests.test_iteration3_admin_auth.TestForceResetPassword" name="test_force_reset_cannot_target_super_admin" time="0.573" /><testcase classname="tests.test_iteration3_admin_auth.TestSuperAdminSeed" name="test_super_admin_login_repeatable" time="1.003" /><testcase classname="tests.test_iteration3_admin_auth.TestForceResetPassword" name="test_force_reset_forbidden_for_tenant" time="0.751" /></testsuite></testsuites>