<?xml version="1.0" encoding="utf-8"?><testsuites name="pytest tests"><testsuite name="pytest" errors="0" failures="0" skipped="0" tests="16" time="3.604" timestamp="2026-06-27T23:06:20.434487+00:00" hostname="agent-env-9ec59e9c-4a8d-4925-b688-d1a6c7f1dfc1"><testcase classname="tests.test_aitax_regression.TestAuth" name="test_login_demo" time="0.427" /><testcase classname="tests.test_aitax_regression.TestSubscriptionCreateOrder" name="test_requires_auth" time="0.121" /><testcase classname="tests.test_aitax_regression.TestAuth" name="test_me_requires_token" time="0.188" /><testcase classname="tests.test_aitax_regression.TestSubscriptionCreateOrder" name="test_invalid_plan_returns_400" time="0.533" /><testcase classname="tests.test_aitax_regression.TestSubscriptionCreateOrder" name="test_invalid_billing_cycle_returns_400" time="0.228" /><testcase classname="tests.test_aitax_regression.TestSubscriptionCreateOrder" name="test_create_valid_order[starter-monthly-49900]" time="0.910" /><testcase classname="tests.test_aitax_regression.TestAuth" name="test_me_with_token" time="1.141" /><testcase classname="tests.test_aitax_regression.TestMasters" name="test_list_customers" time="0.086" /><testcase classname="tests.test_aitax_regression.TestSubscriptionCreateOrder" name="test_create_valid_order[pro-monthly-149900]" time="0.320" /><testcase classname="tests.test_aitax_regression.TestMasters" name="test_products_seeded" time="0.278" /><testcase classname="tests.test_aitax_regression.TestSubscriptionCreateOrder" name="test_create_valid_order[enterprise-yearly-4799900]" time="0.333" /><testcase classname="tests.test_aitax_regression.TestSubscriptionVerifyPayment" name="test_invalid_signature" time="0.330" /><testcase classname="tests.test_aitax_regression.TestDashboard" name="test_kpis" time="0.054" /><testcase classname="tests.test_aitax_regression.TestSubscriptionVerifyPayment" name="test_invalid_plan_after_sig_check" time="0.043" /><testcase classname="tests.test_aitax_regression.TestSales" name="test_create_and_delete_invoice_with_stock" time="0.483" /><testcase classname="tests.test_aitax_regression.TestTenantIsolation" name="test_fresh_user_sees_no_demo_data" time="0.359" /></testsuite></testsuites>