<?xml version="1.0" encoding="utf-8"?><testsuites name="pytest tests"><testsuite name="pytest" errors="0" failures="0" skipped="0" tests="13" time="4.712" timestamp="2026-06-28T05:10:58.709673+00:00" hostname="agent-env-9ec59e9c-4a8d-4925-b688-d1a6c7f1dfc1"><testcase classname="tests.test_iteration4_gst_pdf_pos_multicompany.TestRegression" name="test_login_me" time="0.868" /><testcase classname="tests.test_iteration4_gst_pdf_pos_multicompany.TestPdfAndShare" name="test_pdf_magic_bytes_and_content_type" time="0.876" /><testcase classname="tests.test_iteration4_gst_pdf_pos_multicompany.TestPdfAndShare" name="test_pdf_404_for_unknown" time="0.115" /><testcase classname="tests.test_iteration4_gst_pdf_pos_multicompany.TestRegression" name="test_dashboard_kpis" time="0.152" /><testcase classname="tests.test_iteration4_gst_pdf_pos_multicompany.TestRegression" name="test_google_exchange_empty" time="0.300" /><testcase classname="tests.test_iteration4_gst_pdf_pos_multicompany.TestRegression" name="test_razorpay_create_order" time="1.004" /><testcase classname="tests.test_iteration4_gst_pdf_pos_multicompany.TestPdfAndShare" name="test_pdf_tenant_isolation" time="1.344" /><testcase classname="tests.test_iteration4_gst_pdf_pos_multicompany.TestPdfAndShare" name="test_share_links" time="0.124" /><testcase classname="tests.test_iteration4_gst_pdf_pos_multicompany.TestPOS" name="test_pos_invoice_creation" time="0.430" /><testcase classname="tests.test_iteration4_gst_pdf_pos_multicompany.TestGST" name="test_gstr1_current_month" time="0.099" /><testcase classname="tests.test_iteration4_gst_pdf_pos_multicompany.TestGST" name="test_gstr3b_current_month" time="0.108" /><testcase classname="tests.test_iteration4_gst_pdf_pos_multicompany.TestGST" name="test_gst_requires_auth" time="0.104" /><testcase classname="tests.test_iteration4_gst_pdf_pos_multicompany.TestMultiCompany" name="test_create_and_switch_company" time="1.310" /></testsuite></testsuites>