<?xml version="1.0" encoding="utf-8"?><testsuites name="pytest tests"><testsuite name="pytest" errors="0" failures="0" skipped="0" tests="23" time="39.813" timestamp="2026-06-28T20:42:28.673621+00:00" hostname="agent-env-9ec59e9c-4a8d-4925-b688-d1a6c7f1dfc1"><testcase classname="tests.test_iteration6_super_admin.TestAuthAndGating" name="test_super_admin_login" time="0.344" /><testcase classname="tests.test_iteration6_super_admin.TestAuthAndGating" name="test_tenant_cannot_access_admin" time="0.455" /><testcase classname="tests.test_iteration6_super_admin.TestAuthAndGating" name="test_unauthenticated_admin_endpoints" time="0.442" /><testcase classname="tests.test_iteration6_super_admin.TestStatsAnalytics" name="test_stats" time="0.433" /><testcase classname="tests.test_iteration6_super_admin.TestStatsAnalytics" name="test_signups_analytics" time="0.102" /><testcase classname="tests.test_iteration6_super_admin.TestStatsAnalytics" name="test_mrr_trend" time="0.106" /><testcase classname="tests.test_iteration6_super_admin.TestTenantMgmt" name="test_list_users" time="0.102" /><testcase classname="tests.test_iteration6_super_admin.TestTenantMgmt" name="test_snapshot" time="0.234" /><testcase classname="tests.test_iteration6_super_admin.TestTenantMgmt" name="test_reset_password_and_restore" time="1.319" /><testcase classname="tests.test_iteration6_super_admin.TestTenantMgmt" name="test_toggle_active_and_restore" time="0.846" /><testcase classname="tests.test_iteration6_super_admin.TestTenantMgmt" name="test_extend_trial" time="0.217" /><testcase classname="tests.test_iteration6_super_admin.TestTenantMgmt" name="test_set_plan_and_cancel" time="0.604" /><testcase classname="tests.test_iteration6_super_admin.TestPlans" name="test_default_plans_seeded" time="0.093" /><testcase classname="tests.test_iteration6_super_admin.TestPlans" name="test_update_plan_pricing" time="0.433" /><testcase classname="tests.test_iteration6_super_admin.TestFeatureFlags" name="test_get_default_flags" time="0.099" /><testcase classname="tests.test_iteration6_super_admin.TestFeatureFlags" name="test_update_flag_persists" time="0.639" /><testcase classname="tests.test_iteration6_super_admin.TestSettings" name="test_get_default_settings" time="0.099" /><testcase classname="tests.test_iteration6_super_admin.TestSettings" name="test_update_settings_persists" time="0.412" /><testcase classname="tests.test_iteration6_super_admin.TestObservability" name="test_audit_logs" time="0.105" /><testcase classname="tests.test_iteration6_super_admin.TestObservability" name="test_webhook_events" time="0.089" /><testcase classname="tests.test_iteration6_super_admin.TestObservability" name="test_subscriptions" time="0.117" /><testcase classname="tests.test_iteration6_super_admin.TestObservability" name="test_backup" time="0.126" /><testcase classname="tests.test_iteration6_super_admin.TestMaintenanceMode" name="test_maintenance_blocks_tenant_allows_admin_and_auth" time="32.322" /></testsuite></testsuites>