<?xml version="1.0" encoding="utf-8"?><testsuites name="pytest tests"><testsuite name="pytest" errors="0" failures="0" skipped="0" tests="26" time="6.673" timestamp="2026-06-28T05:26:54.663882+00:00" hostname="agent-env-9ec59e9c-4a8d-4925-b688-d1a6c7f1dfc1"><testcase classname="tests.test_iteration5_accounting_webhooks_ops.TestAuthGating" name="test_requires_auth[/api/accounting/profit-loss]" time="0.179" /><testcase classname="tests.test_iteration5_accounting_webhooks_ops.TestAuthGating" name="test_requires_auth[/api/accounting/balance-sheet]" time="0.254" /><testcase classname="tests.test_iteration5_accounting_webhooks_ops.TestAccounting" name="test_profit_loss_structure" time="0.548" /><testcase classname="tests.test_iteration5_accounting_webhooks_ops.TestAuthGating" name="test_requires_auth[/api/accounting/trial-balance]" time="0.123" /><testcase classname="tests.test_iteration5_accounting_webhooks_ops.TestAuthGating" name="test_requires_auth[/api/accounting/expenses]" time="0.358" /><testcase classname="tests.test_iteration5_accounting_webhooks_ops.TestAuthGating" name="test_requires_auth[/api/services/tickets]" time="0.096" /><testcase classname="tests.test_iteration5_accounting_webhooks_ops.TestAccounting" name="test_balance_sheet" time="0.526" /><testcase classname="tests.test_iteration5_accounting_webhooks_ops.TestAuthGating" name="test_requires_auth[/api/services/amc]" time="0.096" /><testcase classname="tests.test_iteration5_accounting_webhooks_ops.TestAccounting" name="test_trial_balance" time="0.109" /><testcase classname="tests.test_iteration5_accounting_webhooks_ops.TestAuthGating" name="test_requires_auth[/api/tours/packages]" time="0.114" /><testcase classname="tests.test_iteration5_accounting_webhooks_ops.TestAccounting" name="test_expense_crud_and_pnl_reflection" time="0.421" /><testcase classname="tests.test_iteration5_accounting_webhooks_ops.TestAuthGating" name="test_requires_auth[/api/tours/bookings]" time="0.112" /><testcase classname="tests.test_iteration5_accounting_webhooks_ops.TestAuthGating" name="test_requires_auth[/api/transport/vehicles]" time="0.091" /><testcase classname="tests.test_iteration5_accounting_webhooks_ops.TestAuthGating" name="test_requires_auth[/api/transport/trips]" time="0.101" /><testcase classname="tests.test_iteration5_accounting_webhooks_ops.TestWebhooks" name="test_webhook_no_signature_dev_mode" time="0.124" /><testcase classname="tests.test_iteration5_accounting_webhooks_ops.TestAccounting" name="test_party_ledger" time="0.251" /><testcase classname="tests.test_iteration5_accounting_webhooks_ops.TestWebhooks" name="test_webhook_events_list" time="0.141" /><testcase classname="tests.test_iteration5_accounting_webhooks_ops.TestAccounting" name="test_accounting_tenant_isolation" time="1.546" /><testcase classname="tests.test_iteration5_accounting_webhooks_ops.TestWebhooks" name="test_webhook_payment_captured_activates_subscription" time="1.872" /><testcase classname="tests.test_iteration5_accounting_webhooks_ops.TestServices" name="test_ticket_crud" time="0.449" /><testcase classname="tests.test_iteration5_accounting_webhooks_ops.TestTours" name="test_package_and_booking_with_profit" time="0.610" /><testcase classname="tests.test_iteration5_accounting_webhooks_ops.TestServices" name="test_amc_crud_with_status_computation" time="0.894" /><testcase classname="tests.test_iteration5_accounting_webhooks_ops.TestTours" name="test_tours_tenant_isolation" time="0.736" /><testcase classname="tests.test_iteration5_accounting_webhooks_ops.TestServices" name="test_services_tenant_isolation" time="0.211" /><testcase classname="tests.test_iteration5_accounting_webhooks_ops.TestTransport" name="test_vehicle_and_trip_with_profit" time="0.545" /><testcase classname="tests.test_iteration5_accounting_webhooks_ops.TestTransport" name="test_transport_tenant_isolation" time="0.199" /></testsuite></testsuites>